<?xml version="1.0" encoding="UTF-8"?>
<testng-results skipped="0" failed="0" total="1" passed="1">
  <reporter-output>
  </reporter-output>
  <suite name="Default suite" duration-ms="188199" started-at="2019-08-28T13:58:02Z" finished-at="2019-08-28T14:01:11Z">
    <groups>
    </groups>
    <test name="Default test" duration-ms="188199" started-at="2019-08-28T13:58:02Z" finished-at="2019-08-28T14:01:11Z">
      <class name="com.atmecs.shoptools.testscript1.ProductValidationPage">
        <test-method status="PASS" signature="setup()[pri:0, instance:com.atmecs.shoptools.testscript1.ProductValidationPage@1b604f19]" name="setup" is-config="true" duration-ms="186479" started-at="2019-08-28T19:28:02Z" finished-at="2019-08-28T19:31:09Z">
          <reporter-output>
          </reporter-output>
        </test-method> <!-- setup -->
        <test-method status="PASS" signature="productValidation()[pri:0, instance:com.atmecs.shoptools.testscript1.ProductValidationPage@1b604f19]" name="productValidation" duration-ms="977" started-at="2019-08-28T19:31:09Z" finished-at="2019-08-28T19:31:10Z">
          <reporter-output>
          </reporter-output>
        </test-method> <!-- productValidation -->
        <test-method status="PASS" signature="teardown()[pri:0, instance:com.atmecs.shoptools.testscript1.ProductValidationPage@1b604f19]" name="teardown" is-config="true" duration-ms="733" started-at="2019-08-28T19:31:10Z" finished-at="2019-08-28T19:31:11Z">
          <reporter-output>
          </reporter-output>
        </test-method> <!-- teardown -->
      </class> <!-- com.atmecs.shoptools.testscript1.ProductValidationPage -->
    </test> <!-- Default test -->
  </suite> <!-- Default suite -->
</testng-results>
